<?xml version="1.0" encoding="UTF-8"?>
<coverage generated="1623395825005" clover="3.2.0">
  <project timestamp="1623395825005" name="All files">
    <metrics statements="41" coveredstatements="33" conditionals="36" coveredconditionals="35" methods="3" coveredmethods="2" elements="80" coveredelements="70" complexity="0" loc="41" ncloc="41" packages="1" files="1" classes="1"/>
    <file name="index.js" path="/home/alexis/Desktop/Microverse/Pico-y-Placa-Predictor/src/index.js">
      <metrics statements="41" coveredstatements="33" conditionals="36" coveredconditionals="35" methods="3" coveredmethods="2"/>
      <line num="1" count="1" type="stmt"/>
      <line num="6" count="22" type="stmt"/>
      <line num="7" count="22" type="stmt"/>
      <line num="8" count="22" type="stmt"/>
      <line num="9" count="22" type="stmt"/>
      <line num="19" count="22" type="stmt"/>
      <line num="38" count="22" type="stmt"/>
      <line num="39" count="22" type="stmt"/>
      <line num="40" count="22" type="stmt"/>
      <line num="41" count="22" type="stmt"/>
      <line num="42" count="22" type="stmt"/>
      <line num="43" count="22" type="stmt"/>
      <line num="45" count="22" type="cond" truecount="4" falsecount="0"/>
      <line num="46" count="4" type="stmt"/>
      <line num="49" count="18" type="cond" truecount="2" falsecount="0"/>
      <line num="50" count="1" type="stmt"/>
      <line num="53" count="17" type="cond" truecount="2" falsecount="0"/>
      <line num="54" count="1" type="stmt"/>
      <line num="57" count="16" type="cond" truecount="2" falsecount="0"/>
      <line num="59" count="2" type="stmt"/>
      <line num="61" count="14" type="stmt"/>
      <line num="62" count="14" type="stmt"/>
      <line num="63" count="14" type="stmt"/>
      <line num="65" count="14" type="cond" truecount="6" falsecount="0"/>
      <line num="66" count="3" type="cond" truecount="6" falsecount="0"/>
      <line num="67" count="1" type="stmt"/>
      <line num="69" count="2" type="stmt"/>
      <line num="71" count="11" type="cond" truecount="6" falsecount="0"/>
      <line num="72" count="9" type="cond" truecount="6" falsecount="0"/>
      <line num="73" count="4" type="stmt"/>
      <line num="75" count="5" type="stmt"/>
      <line num="78" count="2" type="stmt"/>
      <line num="85" count="1" type="cond" truecount="1" falsecount="1"/>
      <line num="86" count="0" type="stmt"/>
      <line num="87" count="0" type="stmt"/>
      <line num="88" count="0" type="stmt"/>
      <line num="89" count="0" type="stmt"/>
      <line num="90" count="0" type="stmt"/>
      <line num="91" count="0" type="stmt"/>
      <line num="92" count="0" type="stmt"/>
      <line num="93" count="0" type="stmt"/>
    </file>
  </project>
</coverage>
