<?xml version="1.0" encoding="UTF-8"?>
<coverage generated="1623380575305" clover="3.2.0">
  <project timestamp="1623380575305" name="All files">
    <metrics statements="31" coveredstatements="13" conditionals="26" coveredconditionals="1" methods="4" coveredmethods="2" elements="61" coveredelements="16" complexity="0" loc="31" ncloc="31" packages="1" files="1" classes="1"/>
    <file name="index.js" path="/home/alexis/Desktop/Microverse/Pico-y-Placa-Predictor/src/index.js">
      <metrics statements="31" coveredstatements="13" conditionals="26" coveredconditionals="1" methods="4" coveredmethods="2"/>
      <line num="1" count="1" type="stmt"/>
      <line num="6" count="1" type="stmt"/>
      <line num="7" count="1" type="stmt"/>
      <line num="8" count="1" type="stmt"/>
      <line num="9" count="1" type="stmt"/>
      <line num="19" count="1" type="stmt"/>
      <line num="38" count="1" type="stmt"/>
      <line num="39" count="1" type="stmt"/>
      <line num="40" count="1" type="stmt"/>
      <line num="41" count="1" type="stmt"/>
      <line num="43" count="1" type="cond" truecount="1" falsecount="1"/>
      <line num="45" count="1" type="stmt"/>
      <line num="47" count="0" type="stmt"/>
      <line num="49" count="0" type="cond" truecount="0" falsecount="6"/>
      <line num="50" count="0" type="cond" truecount="0" falsecount="6"/>
      <line num="51" count="0" type="stmt"/>
      <line num="53" count="0" type="stmt"/>
      <line num="55" count="0" type="cond" truecount="0" falsecount="6"/>
      <line num="56" count="0" type="cond" truecount="0" falsecount="6"/>
      <line num="57" count="0" type="stmt"/>
      <line num="59" count="0" type="stmt"/>
      <line num="62" count="0" type="stmt"/>
      <line num="73" count="1" type="stmt"/>
      <line num="74" count="0" type="stmt"/>
      <line num="75" count="0" type="stmt"/>
      <line num="76" count="0" type="stmt"/>
      <line num="77" count="0" type="stmt"/>
      <line num="78" count="0" type="stmt"/>
      <line num="79" count="0" type="stmt"/>
      <line num="80" count="0" type="stmt"/>
      <line num="81" count="0" type="stmt"/>
    </file>
  </project>
</coverage>
