{"/home/alexis/Desktop/Microverse/Pico-y-Placa-Predictor/src/index.js": {"path":"/home/alexis/Desktop/Microverse/Pico-y-Placa-Predictor/src/index.js","statementMap":{"0":{"start":{"line":1,"column":14},"end":{"line":1,"column":45}},"1":{"start":{"line":6,"column":4},"end":{"line":6,"column":21}},"2":{"start":{"line":7,"column":4},"end":{"line":7,"column":21}},"3":{"start":{"line":8,"column":4},"end":{"line":8,"column":19}},"4":{"start":{"line":9,"column":4},"end":{"line":18,"column":6}},"5":{"start":{"line":19,"column":4},"end":{"line":34,"column":6}},"6":{"start":{"line":38,"column":20},"end":{"line":38,"column":40}},"7":{"start":{"line":39,"column":16},"end":{"line":39,"column":45}},"8":{"start":{"line":40,"column":22},"end":{"line":40,"column":69}},"9":{"start":{"line":41,"column":22},"end":{"line":41,"column":41}},"10":{"start":{"line":43,"column":4},"end":{"line":64,"column":5}},"11":{"start":{"line":45,"column":6},"end":{"line":45,"column":45}},"12":{"start":{"line":47,"column":19},"end":{"line":47,"column":54}},"13":{"start":{"line":49,"column":6},"end":{"line":63,"column":7}},"14":{"start":{"line":50,"column":8},"end":{"line":54,"column":9}},"15":{"start":{"line":51,"column":10},"end":{"line":51,"column":96}},"16":{"start":{"line":53,"column":10},"end":{"line":53,"column":35}},"17":{"start":{"line":55,"column":13},"end":{"line":63,"column":7}},"18":{"start":{"line":56,"column":8},"end":{"line":60,"column":9}},"19":{"start":{"line":57,"column":10},"end":{"line":57,"column":96}},"20":{"start":{"line":59,"column":10},"end":{"line":59,"column":35}},"21":{"start":{"line":62,"column":8},"end":{"line":62,"column":33}},"22":{"start":{"line":73,"column":0},"end":{"line":84,"column":1}},"23":{"start":{"line":74,"column":2},"end":{"line":83,"column":3}},"24":{"start":{"line":75,"column":2},"end":{"line":75,"column":21}},"25":{"start":{"line":76,"column":12},"end":{"line":76,"column":61}},"26":{"start":{"line":77,"column":12},"end":{"line":77,"column":66}},"27":{"start":{"line":78,"column":12},"end":{"line":78,"column":61}},"28":{"start":{"line":79,"column":12},"end":{"line":79,"column":46}},"29":{"start":{"line":80,"column":20},"end":{"line":80,"column":42}},"30":{"start":{"line":81,"column":2},"end":{"line":81,"column":34}}},"fnMap":{"0":{"name":"(anonymous_0)","decl":{"start":{"line":5,"column":2},"end":{"line":5,"column":3}},"loc":{"start":{"line":5,"column":33},"end":{"line":35,"column":3}},"line":5},"1":{"name":"(anonymous_1)","decl":{"start":{"line":36,"column":2},"end":{"line":36,"column":3}},"loc":{"start":{"line":36,"column":11},"end":{"line":66,"column":3}},"line":36},"2":{"name":"(anonymous_2)","decl":{"start":{"line":73,"column":14},"end":{"line":73,"column":15}},"loc":{"start":{"line":73,"column":26},"end":{"line":84,"column":1}},"line":73},"3":{"name":"(anonymous_3)","decl":{"start":{"line":74,"column":34},"end":{"line":74,"column":35}},"loc":{"start":{"line":74,"column":41},"end":{"line":83,"column":1}},"line":74}},"branchMap":{"0":{"loc":{"start":{"line":43,"column":4},"end":{"line":64,"column":5}},"type":"if","locations":[{"start":{"line":43,"column":4},"end":{"line":64,"column":5}},{"start":{"line":43,"column":4},"end":{"line":64,"column":5}}],"line":43},"1":{"loc":{"start":{"line":49,"column":6},"end":{"line":63,"column":7}},"type":"if","locations":[{"start":{"line":49,"column":6},"end":{"line":63,"column":7}},{"start":{"line":49,"column":6},"end":{"line":63,"column":7}}],"line":49},"2":{"loc":{"start":{"line":49,"column":10},"end":{"line":49,"column":94}},"type":"binary-expr","locations":[{"start":{"line":49,"column":10},"end":{"line":49,"column":29}},{"start":{"line":49,"column":34},"end":{"line":49,"column":49}},{"start":{"line":49,"column":53},"end":{"line":49,"column":72}},{"start":{"line":49,"column":76},"end":{"line":49,"column":93}}],"line":49},"3":{"loc":{"start":{"line":50,"column":8},"end":{"line":54,"column":9}},"type":"if","locations":[{"start":{"line":50,"column":8},"end":{"line":54,"column":9}},{"start":{"line":50,"column":8},"end":{"line":54,"column":9}}],"line":50},"4":{"loc":{"start":{"line":50,"column":12},"end":{"line":50,"column":66}},"type":"binary-expr","locations":[{"start":{"line":50,"column":13},"end":{"line":50,"column":22}},{"start":{"line":50,"column":26},"end":{"line":50,"column":35}},{"start":{"line":50,"column":41},"end":{"line":50,"column":51}},{"start":{"line":50,"column":55},"end":{"line":50,"column":65}}],"line":50},"5":{"loc":{"start":{"line":55,"column":13},"end":{"line":63,"column":7}},"type":"if","locations":[{"start":{"line":55,"column":13},"end":{"line":63,"column":7}},{"start":{"line":55,"column":13},"end":{"line":63,"column":7}}],"line":55},"6":{"loc":{"start":{"line":55,"column":17},"end":{"line":55,"column":98}},"type":"binary-expr","locations":[{"start":{"line":55,"column":17},"end":{"line":55,"column":36}},{"start":{"line":55,"column":41},"end":{"line":55,"column":57}},{"start":{"line":55,"column":61},"end":{"line":55,"column":77}},{"start":{"line":55,"column":81},"end":{"line":55,"column":97}}],"line":55},"7":{"loc":{"start":{"line":56,"column":8},"end":{"line":60,"column":9}},"type":"if","locations":[{"start":{"line":56,"column":8},"end":{"line":60,"column":9}},{"start":{"line":56,"column":8},"end":{"line":60,"column":9}}],"line":56},"8":{"loc":{"start":{"line":56,"column":12},"end":{"line":56,"column":66}},"type":"binary-expr","locations":[{"start":{"line":56,"column":13},"end":{"line":56,"column":22}},{"start":{"line":56,"column":26},"end":{"line":56,"column":35}},{"start":{"line":56,"column":41},"end":{"line":56,"column":51}},{"start":{"line":56,"column":55},"end":{"line":56,"column":65}}],"line":56}},"s":{"0":1,"1":1,"2":1,"3":1,"4":1,"5":1,"6":1,"7":1,"8":1,"9":1,"10":1,"11":1,"12":0,"13":0,"14":0,"15":0,"16":0,"17":0,"18":0,"19":0,"20":0,"21":0,"22":1,"23":0,"24":0,"25":0,"26":0,"27":0,"28":0,"29":0,"30":0},"f":{"0":1,"1":1,"2":0,"3":0},"b":{"0":[1,0],"1":[0,0],"2":[0,0,0,0],"3":[0,0],"4":[0,0,0,0],"5":[0,0],"6":[0,0,0,0],"7":[0,0],"8":[0,0,0,0]},"_coverageSchema":"1a1c01bbd47fc00a2c39e90264f33305004495a9","hash":"8b72669a12435696f3a43bff493116736f56f6cb"}
}
