{"/home/alexis/Desktop/Microverse/Pico-y-Placa-Predictor/src/index.js": {"path":"/home/alexis/Desktop/Microverse/Pico-y-Placa-Predictor/src/index.js","statementMap":{"0":{"start":{"line":1,"column":14},"end":{"line":1,"column":45}},"1":{"start":{"line":6,"column":4},"end":{"line":6,"column":21}},"2":{"start":{"line":7,"column":4},"end":{"line":7,"column":21}},"3":{"start":{"line":8,"column":4},"end":{"line":8,"column":19}},"4":{"start":{"line":9,"column":4},"end":{"line":18,"column":6}},"5":{"start":{"line":19,"column":4},"end":{"line":34,"column":6}},"6":{"start":{"line":38,"column":20},"end":{"line":38,"column":40}},"7":{"start":{"line":39,"column":16},"end":{"line":39,"column":45}},"8":{"start":{"line":40,"column":22},"end":{"line":40,"column":69}},"9":{"start":{"line":41,"column":22},"end":{"line":41,"column":41}},"10":{"start":{"line":42,"column":16},"end":{"line":42,"column":32}},"11":{"start":{"line":43,"column":17},"end":{"line":43,"column":35}},"12":{"start":{"line":45,"column":4},"end":{"line":47,"column":5}},"13":{"start":{"line":46,"column":6},"end":{"line":46,"column":49}},"14":{"start":{"line":49,"column":4},"end":{"line":51,"column":5}},"15":{"start":{"line":50,"column":6},"end":{"line":50,"column":32}},"16":{"start":{"line":53,"column":4},"end":{"line":55,"column":5}},"17":{"start":{"line":54,"column":6},"end":{"line":54,"column":31}},"18":{"start":{"line":57,"column":4},"end":{"line":80,"column":5}},"19":{"start":{"line":59,"column":6},"end":{"line":59,"column":45}},"20":{"start":{"line":61,"column":19},"end":{"line":61,"column":54}},"21":{"start":{"line":62,"column":19},"end":{"line":62,"column":53}},"22":{"start":{"line":63,"column":20},"end":{"line":63,"column":29}},"23":{"start":{"line":65,"column":6},"end":{"line":79,"column":7}},"24":{"start":{"line":66,"column":8},"end":{"line":70,"column":9}},"25":{"start":{"line":67,"column":10},"end":{"line":67,"column":96}},"26":{"start":{"line":69,"column":10},"end":{"line":69,"column":35}},"27":{"start":{"line":71,"column":13},"end":{"line":79,"column":7}},"28":{"start":{"line":72,"column":8},"end":{"line":76,"column":9}},"29":{"start":{"line":73,"column":10},"end":{"line":73,"column":96}},"30":{"start":{"line":75,"column":10},"end":{"line":75,"column":35}},"31":{"start":{"line":78,"column":8},"end":{"line":78,"column":33}},"32":{"start":{"line":85,"column":0},"end":{"line":96,"column":1}},"33":{"start":{"line":86,"column":2},"end":{"line":95,"column":5}},"34":{"start":{"line":87,"column":4},"end":{"line":87,"column":23}},"35":{"start":{"line":88,"column":14},"end":{"line":88,"column":63}},"36":{"start":{"line":89,"column":14},"end":{"line":89,"column":68}},"37":{"start":{"line":90,"column":14},"end":{"line":90,"column":63}},"38":{"start":{"line":91,"column":14},"end":{"line":91,"column":48}},"39":{"start":{"line":92,"column":22},"end":{"line":92,"column":44}},"40":{"start":{"line":93,"column":4},"end":{"line":93,"column":38}}},"fnMap":{"0":{"name":"(anonymous_0)","decl":{"start":{"line":5,"column":2},"end":{"line":5,"column":3}},"loc":{"start":{"line":5,"column":33},"end":{"line":35,"column":3}},"line":5},"1":{"name":"(anonymous_1)","decl":{"start":{"line":36,"column":2},"end":{"line":36,"column":3}},"loc":{"start":{"line":36,"column":11},"end":{"line":82,"column":3}},"line":36},"2":{"name":"(anonymous_2)","decl":{"start":{"line":86,"column":34},"end":{"line":86,"column":35}},"loc":{"start":{"line":86,"column":41},"end":{"line":95,"column":3}},"line":86}},"branchMap":{"0":{"loc":{"start":{"line":45,"column":4},"end":{"line":47,"column":5}},"type":"if","locations":[{"start":{"line":45,"column":4},"end":{"line":47,"column":5}},{"start":{"line":45,"column":4},"end":{"line":47,"column":5}}],"line":45},"1":{"loc":{"start":{"line":45,"column":7},"end":{"line":45,"column":56}},"type":"binary-expr","locations":[{"start":{"line":45,"column":7},"end":{"line":45,"column":30}},{"start":{"line":45,"column":32},"end":{"line":45,"column":56}}],"line":45},"2":{"loc":{"start":{"line":49,"column":4},"end":{"line":51,"column":5}},"type":"if","locations":[{"start":{"line":49,"column":4},"end":{"line":51,"column":5}},{"start":{"line":49,"column":4},"end":{"line":51,"column":5}}],"line":49},"3":{"loc":{"start":{"line":53,"column":4},"end":{"line":55,"column":5}},"type":"if","locations":[{"start":{"line":53,"column":4},"end":{"line":55,"column":5}},{"start":{"line":53,"column":4},"end":{"line":55,"column":5}}],"line":53},"4":{"loc":{"start":{"line":57,"column":4},"end":{"line":80,"column":5}},"type":"if","locations":[{"start":{"line":57,"column":4},"end":{"line":80,"column":5}},{"start":{"line":57,"column":4},"end":{"line":80,"column":5}}],"line":57},"5":{"loc":{"start":{"line":65,"column":6},"end":{"line":79,"column":7}},"type":"if","locations":[{"start":{"line":65,"column":6},"end":{"line":79,"column":7}},{"start":{"line":65,"column":6},"end":{"line":79,"column":7}}],"line":65},"6":{"loc":{"start":{"line":65,"column":10},"end":{"line":65,"column":94}},"type":"binary-expr","locations":[{"start":{"line":65,"column":10},"end":{"line":65,"column":29}},{"start":{"line":65,"column":34},"end":{"line":65,"column":49}},{"start":{"line":65,"column":53},"end":{"line":65,"column":72}},{"start":{"line":65,"column":76},"end":{"line":65,"column":93}}],"line":65},"7":{"loc":{"start":{"line":66,"column":8},"end":{"line":70,"column":9}},"type":"if","locations":[{"start":{"line":66,"column":8},"end":{"line":70,"column":9}},{"start":{"line":66,"column":8},"end":{"line":70,"column":9}}],"line":66},"8":{"loc":{"start":{"line":66,"column":12},"end":{"line":66,"column":84}},"type":"binary-expr","locations":[{"start":{"line":66,"column":13},"end":{"line":66,"column":25}},{"start":{"line":66,"column":29},"end":{"line":66,"column":44}},{"start":{"line":66,"column":50},"end":{"line":66,"column":63}},{"start":{"line":66,"column":67},"end":{"line":66,"column":83}}],"line":66},"9":{"loc":{"start":{"line":71,"column":13},"end":{"line":79,"column":7}},"type":"if","locations":[{"start":{"line":71,"column":13},"end":{"line":79,"column":7}},{"start":{"line":71,"column":13},"end":{"line":79,"column":7}}],"line":71},"10":{"loc":{"start":{"line":71,"column":17},"end":{"line":71,"column":98}},"type":"binary-expr","locations":[{"start":{"line":71,"column":17},"end":{"line":71,"column":36}},{"start":{"line":71,"column":41},"end":{"line":71,"column":57}},{"start":{"line":71,"column":61},"end":{"line":71,"column":77}},{"start":{"line":71,"column":81},"end":{"line":71,"column":97}}],"line":71},"11":{"loc":{"start":{"line":72,"column":8},"end":{"line":76,"column":9}},"type":"if","locations":[{"start":{"line":72,"column":8},"end":{"line":76,"column":9}},{"start":{"line":72,"column":8},"end":{"line":76,"column":9}}],"line":72},"12":{"loc":{"start":{"line":72,"column":12},"end":{"line":72,"column":84}},"type":"binary-expr","locations":[{"start":{"line":72,"column":13},"end":{"line":72,"column":25}},{"start":{"line":72,"column":29},"end":{"line":72,"column":44}},{"start":{"line":72,"column":50},"end":{"line":72,"column":63}},{"start":{"line":72,"column":67},"end":{"line":72,"column":83}}],"line":72},"13":{"loc":{"start":{"line":85,"column":0},"end":{"line":96,"column":1}},"type":"if","locations":[{"start":{"line":85,"column":0},"end":{"line":96,"column":1}},{"start":{"line":85,"column":0},"end":{"line":96,"column":1}}],"line":85}},"s":{"0":1,"1":22,"2":22,"3":22,"4":22,"5":22,"6":22,"7":22,"8":22,"9":22,"10":22,"11":22,"12":22,"13":4,"14":18,"15":1,"16":17,"17":1,"18":16,"19":2,"20":14,"21":14,"22":14,"23":14,"24":3,"25":1,"26":2,"27":11,"28":9,"29":4,"30":5,"31":2,"32":1,"33":0,"34":0,"35":0,"36":0,"37":0,"38":0,"39":0,"40":0},"f":{"0":22,"1":22,"2":0},"b":{"0":[4,18],"1":[22,20],"2":[1,17],"3":[1,16],"4":[2,14],"5":[3,11],"6":[14,4,4,1],"7":[1,2],"8":[3,2,3,2],"9":[9,2],"10":[11,10,1,1],"11":[4,5],"12":[9,7,7,4],"13":[0,1]},"_coverageSchema":"1a1c01bbd47fc00a2c39e90264f33305004495a9","hash":"ab68271e8a00526152d42dc5c379a42a014777a6"}
}
