TN:
SF:src/index.js
FN:5,(anonymous_0)
FN:36,(anonymous_1)
FN:72,(anonymous_2)
FNF:3
FNH:2
FNDA:10,(anonymous_0)
FNDA:10,(anonymous_1)
FNDA:0,(anonymous_2)
DA:1,1
DA:6,10
DA:7,10
DA:8,10
DA:9,10
DA:19,10
DA:38,10
DA:39,10
DA:40,10
DA:41,10
DA:43,10
DA:45,1
DA:47,9
DA:48,9
DA:49,9
DA:51,9
DA:52,3
DA:53,1
DA:55,2
DA:57,6
DA:58,5
DA:59,2
DA:61,3
DA:64,1
DA:71,1
DA:72,0
DA:73,0
DA:74,0
DA:75,0
DA:76,0
DA:77,0
DA:78,0
DA:79,0
LF:33
LH:25
BRDA:43,0,0,1
BRDA:43,0,1,9
BRDA:51,1,0,3
BRDA:51,1,1,6
BRDA:51,2,0,9
BRDA:51,2,1,4
BRDA:51,2,2,4
BRDA:51,2,3,1
BRDA:52,3,0,1
BRDA:52,3,1,2
BRDA:52,4,0,3
BRDA:52,4,1,2
BRDA:52,4,2,3
BRDA:52,4,3,2
BRDA:57,5,0,5
BRDA:57,5,1,1
BRDA:57,6,0,6
BRDA:57,6,1,5
BRDA:57,6,2,0
BRDA:57,6,3,0
BRDA:58,7,0,2
BRDA:58,7,1,3
BRDA:58,8,0,5
BRDA:58,8,1,3
BRDA:58,8,2,4
BRDA:58,8,3,2
BRDA:71,9,0,0
BRDA:71,9,1,1
BRF:28
BRH:25
end_of_record
