TN:
SF:src/index.js
FN:5,(anonymous_0)
FN:36,(anonymous_1)
FN:86,(anonymous_2)
FNF:3
FNH:2
FNDA:22,(anonymous_0)
FNDA:22,(anonymous_1)
FNDA:0,(anonymous_2)
DA:1,1
DA:6,22
DA:7,22
DA:8,22
DA:9,22
DA:19,22
DA:38,22
DA:39,22
DA:40,22
DA:41,22
DA:42,22
DA:43,22
DA:45,22
DA:46,4
DA:49,18
DA:50,1
DA:53,17
DA:54,1
DA:57,16
DA:59,2
DA:61,14
DA:62,14
DA:63,14
DA:65,14
DA:66,3
DA:67,1
DA:69,2
DA:71,11
DA:72,9
DA:73,4
DA:75,5
DA:78,2
DA:85,1
DA:86,0
DA:87,0
DA:88,0
DA:89,0
DA:90,0
DA:91,0
DA:92,0
DA:93,0
LF:41
LH:33
BRDA:45,0,0,4
BRDA:45,0,1,18
BRDA:45,1,0,22
BRDA:45,1,1,20
BRDA:49,2,0,1
BRDA:49,2,1,17
BRDA:53,3,0,1
BRDA:53,3,1,16
BRDA:57,4,0,2
BRDA:57,4,1,14
BRDA:65,5,0,3
BRDA:65,5,1,11
BRDA:65,6,0,14
BRDA:65,6,1,4
BRDA:65,6,2,4
BRDA:65,6,3,1
BRDA:66,7,0,1
BRDA:66,7,1,2
BRDA:66,8,0,3
BRDA:66,8,1,2
BRDA:66,8,2,3
BRDA:66,8,3,2
BRDA:71,9,0,9
BRDA:71,9,1,2
BRDA:71,10,0,11
BRDA:71,10,1,10
BRDA:71,10,2,1
BRDA:71,10,3,1
BRDA:72,11,0,4
BRDA:72,11,1,5
BRDA:72,12,0,9
BRDA:72,12,1,7
BRDA:72,12,2,7
BRDA:72,12,3,4
BRDA:85,13,0,0
BRDA:85,13,1,1
BRF:36
BRH:35
end_of_record
